<?xml version="1.0" encoding="UTF-8"?>
<coverage generated="1729158202988" clover="3.2.0">
  <project timestamp="1729158202988" name="All files">
    <metrics statements="31" coveredstatements="13" conditionals="4" coveredconditionals="2" methods="13" coveredmethods="7" elements="48" coveredelements="22" complexity="0" loc="31" ncloc="31" packages="1" files="3" classes="3"/>
    <file name="App.tsx" path="/Users/lucius.lechner/FirstRepository/02-website/ThronesWebsite/src/App.tsx">
      <metrics statements="11" coveredstatements="0" conditionals="2" coveredconditionals="0" methods="5" coveredmethods="0"/>
      <line num="1" count="0" type="stmt"/>
      <line num="2" count="0" type="stmt"/>
      <line num="15" count="0" type="stmt"/>
      <line num="16" count="0" type="stmt"/>
      <line num="18" count="0" type="stmt"/>
      <line num="19" count="0" type="stmt"/>
      <line num="20" count="0" type="stmt"/>
      <line num="21" count="0" type="stmt"/>
      <line num="22" count="0" type="stmt"/>
      <line num="23" count="0" type="stmt"/>
      <line num="26" count="0" type="stmt"/>
    </file>
    <file name="CharactersList.tsx" path="/Users/lucius.lechner/FirstRepository/02-website/ThronesWebsite/src/CharactersList.tsx">
      <metrics statements="14" coveredstatements="13" conditionals="2" coveredconditionals="2" methods="8" coveredmethods="7"/>
      <line num="1" count="1" type="stmt"/>
      <line num="2" count="1" type="stmt"/>
      <line num="19" count="1" type="stmt"/>
      <line num="20" count="2" type="stmt"/>
      <line num="22" count="2" type="stmt"/>
      <line num="23" count="1" type="stmt"/>
      <line num="26" count="2" type="stmt"/>
      <line num="30" count="52" type="stmt"/>
      <line num="31" count="1" type="stmt"/>
      <line num="33" count="5" type="stmt"/>
      <line num="35" count="2" type="stmt"/>
      <line num="44" count="0" type="stmt"/>
      <line num="50" count="255" type="stmt"/>
      <line num="51" count="5" type="stmt"/>
    </file>
    <file name="main.tsx" path="/Users/lucius.lechner/FirstRepository/02-website/ThronesWebsite/src/main.tsx">
      <metrics statements="6" coveredstatements="0" conditionals="0" coveredconditionals="0" methods="0" coveredmethods="0"/>
      <line num="3" count="0" type="stmt"/>
      <line num="4" count="0" type="stmt"/>
      <line num="5" count="0" type="stmt"/>
      <line num="6" count="0" type="stmt"/>
      <line num="7" count="0" type="stmt"/>
      <line num="9" count="0" type="stmt"/>
    </file>
  </project>
</coverage>
