<?xml version="1.0" encoding="UTF-8"?>
<coverage generated="1731418528457" clover="3.2.0">
  <project timestamp="1731418528457" name="All files">
    <metrics statements="31" coveredstatements="0" conditionals="2" coveredconditionals="0" methods="7" coveredmethods="0" elements="40" coveredelements="0" complexity="0" loc="31" ncloc="31" packages="1" files="4" classes="4"/>
    <file name="App.tsx" path="/Users/lucius.lechner/Documents/GitHub/FirstRepository/04-API/MCUWebsite/src/App.tsx">
      <metrics statements="3" coveredstatements="0" conditionals="0" coveredconditionals="0" methods="1" coveredmethods="0"/>
      <line num="2" count="0" type="stmt"/>
      <line num="15" count="0" type="stmt"/>
      <line num="16" count="0" type="stmt"/>
    </file>
    <file name="CharactersList.tsx" path="/Users/lucius.lechner/Documents/GitHub/FirstRepository/04-API/MCUWebsite/src/CharactersList.tsx">
      <metrics statements="13" coveredstatements="0" conditionals="2" coveredconditionals="0" methods="6" coveredmethods="0"/>
      <line num="1" count="0" type="stmt"/>
      <line num="2" count="0" type="stmt"/>
      <line num="15" count="0" type="stmt"/>
      <line num="17" count="0" type="stmt"/>
      <line num="18" count="0" type="stmt"/>
      <line num="19" count="0" type="stmt"/>
      <line num="21" count="0" type="stmt"/>
      <line num="22" count="0" type="stmt"/>
      <line num="24" count="0" type="stmt"/>
      <line num="26" count="0" type="stmt"/>
      <line num="32" count="0" type="stmt"/>
      <line num="38" count="0" type="stmt"/>
      <line num="39" count="0" type="stmt"/>
    </file>
    <file name="StyledComponents.tsx" path="/Users/lucius.lechner/Documents/GitHub/FirstRepository/04-API/MCUWebsite/src/StyledComponents.tsx">
      <metrics statements="9" coveredstatements="0" conditionals="0" coveredconditionals="0" methods="0" coveredmethods="0"/>
      <line num="1" count="0" type="stmt"/>
      <line num="2" count="0" type="stmt"/>
      <line num="3" count="0" type="stmt"/>
      <line num="5" count="0" type="stmt"/>
      <line num="9" count="0" type="stmt"/>
      <line num="17" count="0" type="stmt"/>
      <line num="22" count="0" type="stmt"/>
      <line num="25" count="0" type="stmt"/>
      <line num="29" count="0" type="stmt"/>
    </file>
    <file name="main.tsx" path="/Users/lucius.lechner/Documents/GitHub/FirstRepository/04-API/MCUWebsite/src/main.tsx">
      <metrics statements="6" coveredstatements="0" conditionals="0" coveredconditionals="0" methods="0" coveredmethods="0"/>
      <line num="3" count="0" type="stmt"/>
      <line num="4" count="0" type="stmt"/>
      <line num="5" count="0" type="stmt"/>
      <line num="6" count="0" type="stmt"/>
      <line num="7" count="0" type="stmt"/>
      <line num="9" count="0" type="stmt"/>
    </file>
  </project>
</coverage>
