{"/Users/lucius.lechner/Documents/GitHub/FirstRepository/04-API/MCUWebsite/src/App.tsx": {"path":"/Users/lucius.lechner/Documents/GitHub/FirstRepository/04-API/MCUWebsite/src/App.tsx","statementMap":{"0":{"start":{"line":15,"column":0},"end":{"line":15,"column":16}},"1":{"start":{"line":2,"column":0},"end":{"line":2,"column":50}},"2":{"start":{"line":16,"column":4},"end":{"line":20,"column":6}}},"fnMap":{"0":{"name":"App","decl":{"start":{"line":15,"column":16},"end":{"line":15,"column":19}},"loc":{"start":{"line":15,"column":19},"end":{"line":21,"column":1}}}},"branchMap":{},"s":{"0":0,"1":0,"2":0},"f":{"0":0},"b":{}}
,"/Users/lucius.lechner/Documents/GitHub/FirstRepository/04-API/MCUWebsite/src/CharactersList.tsx": {"path":"/Users/lucius.lechner/Documents/GitHub/FirstRepository/04-API/MCUWebsite/src/CharactersList.tsx","statementMap":{"0":{"start":{"line":15,"column":0},"end":{"line":15,"column":16}},"1":{"start":{"line":1,"column":0},"end":{"line":1,"column":50}},"2":{"start":{"line":2,"column":0},"end":{"line":2,"column":112}},"3":{"start":{"line":17,"column":25},"end":{"line":17,"column":68}},"4":{"start":{"line":18,"column":43},"end":{"line":18,"column":64}},"5":{"start":{"line":19,"column":8},"end":{"line":19,"column":31}},"6":{"start":{"line":21,"column":4},"end":{"line":23,"column":11}},"7":{"start":{"line":22,"column":8},"end":{"line":22,"column":28}},"8":{"start":{"line":24,"column":28},"end":{"line":24,"column":53}},"9":{"start":{"line":26,"column":4},"end":{"line":54,"column":6}},"10":{"start":{"line":32,"column":24},"end":{"line":32,"column":44}},"11":{"start":{"line":38,"column":38},"end":{"line":38,"column":93}},"12":{"start":{"line":38,"column":55},"end":{"line":38,"column":92}},"13":{"start":{"line":39,"column":20},"end":{"line":49,"column":22}}},"fnMap":{"0":{"name":"CharactersList","decl":{"start":{"line":15,"column":16},"end":{"line":15,"column":30}},"loc":{"start":{"line":15,"column":30},"end":{"line":55,"column":1}}},"1":{"name":"generateNewImages","decl":{"start":{"line":16,"column":19},"end":{"line":16,"column":36}},"loc":{"start":{"line":16,"column":36},"end":{"line":20,"column":5}}},"2":{"name":"(anonymous_2)","decl":{"start":{"line":21,"column":20},"end":{"line":21,"column":23}},"loc":{"start":{"line":21,"column":25},"end":{"line":23,"column":5}}},"3":{"name":"(anonymous_3)","decl":{"start":{"line":31,"column":29},"end":{"line":31,"column":32}},"loc":{"start":{"line":31,"column":34},"end":{"line":33,"column":21}}},"4":{"name":"(anonymous_4)","decl":{"start":{"line":37,"column":26},"end":{"line":37,"column":27}},"loc":{"start":{"line":37,"column":51},"end":{"line":50,"column":17}}},"5":{"name":"(anonymous_5)","decl":{"start":{"line":38,"column":48},"end":{"line":38,"column":49}},"loc":{"start":{"line":38,"column":55},"end":{"line":38,"column":92}}}},"branchMap":{"0":{"loc":{"start":{"line":41,"column":62},"end":{"line":41,"column":111}},"type":"cond-expr","locations":[{"start":{"line":41,"column":76},"end":{"line":41,"column":99}},{"start":{"line":41,"column":102},"end":{"line":41,"column":111}}]}},"s":{"0":0,"1":0,"2":0,"3":0,"4":0,"5":0,"6":0,"7":0,"8":0,"9":0,"10":0,"11":0,"12":0,"13":0},"f":{"0":0,"1":0,"2":0,"3":0,"4":0,"5":0},"b":{"0":[0,0]}}
,"/Users/lucius.lechner/Documents/GitHub/FirstRepository/04-API/MCUWebsite/src/StyledComponents.tsx": {"path":"/Users/lucius.lechner/Documents/GitHub/FirstRepository/04-API/MCUWebsite/src/StyledComponents.tsx","statementMap":{"0":{"start":{"line":1,"column":0},"end":{"line":1,"column":73}},"1":{"start":{"line":2,"column":0},"end":{"line":2,"column":103}},"2":{"start":{"line":3,"column":0},"end":{"line":3,"column":39}},"3":{"start":{"line":5,"column":13},"end":{"line":8,"column":2}},"4":{"start":{"line":9,"column":13},"end":{"line":16,"column":2}},"5":{"start":{"line":17,"column":13},"end":{"line":20,"column":3}},"6":{"start":{"line":22,"column":13},"end":{"line":24,"column":3}},"7":{"start":{"line":25,"column":13},"end":{"line":27,"column":2}},"8":{"start":{"line":29,"column":13},"end":{"line":31,"column":2}}},"fnMap":{},"branchMap":{},"s":{"0":0,"1":0,"2":0,"3":0,"4":0,"5":0,"6":0,"7":0,"8":0},"f":{},"b":{}}
,"/Users/lucius.lechner/Documents/GitHub/FirstRepository/04-API/MCUWebsite/src/main.tsx": {"path":"/Users/lucius.lechner/Documents/GitHub/FirstRepository/04-API/MCUWebsite/src/main.tsx","statementMap":{"0":{"start":{"line":3,"column":0},"end":{"line":3,"column":28}},"1":{"start":{"line":4,"column":0},"end":{"line":4,"column":21}},"2":{"start":{"line":5,"column":0},"end":{"line":5,"column":26}},"3":{"start":{"line":6,"column":0},"end":{"line":6,"column":33}},"4":{"start":{"line":7,"column":0},"end":{"line":7,"column":86}},"5":{"start":{"line":9,"column":0},"end":{"line":16,"column":2}}},"fnMap":{},"branchMap":{},"s":{"0":0,"1":0,"2":0,"3":0,"4":0,"5":0},"f":{},"b":{}}
}
