TN:
SF:src/App.tsx
FN:15,App
FN:18,(anonymous_1)
FN:20,(anonymous_2)
FN:21,(anonymous_3)
FN:22,(anonymous_4)
FNF:5
FNH:0
FNDA:0,App
FNDA:0,(anonymous_1)
FNDA:0,(anonymous_2)
FNDA:0,(anonymous_3)
FNDA:0,(anonymous_4)
DA:1,0
DA:2,0
DA:15,0
DA:16,0
DA:18,0
DA:19,0
DA:20,0
DA:21,0
DA:22,0
DA:23,0
DA:24,0
DA:27,0
LF:12
LH:0
BRDA:28,0,0,0
BRDA:28,0,1,0
BRF:2
BRH:0
end_of_record
TN:
SF:src/CharactersList.tsx
FN:19,CharactersList
FN:22,(anonymous_1)
FN:26,(anonymous_2)
FN:30,(anonymous_3)
FN:33,(anonymous_4)
FN:43,(anonymous_5)
FN:49,(anonymous_6)
FN:50,(anonymous_7)
FNF:8
FNH:7
FNDA:2,CharactersList
FNDA:1,(anonymous_1)
FNDA:1,(anonymous_2)
FNDA:13,(anonymous_3)
FNDA:5,(anonymous_4)
FNDA:0,(anonymous_5)
FNDA:5,(anonymous_6)
FNDA:60,(anonymous_7)
DA:1,1
DA:2,1
DA:19,1
DA:20,2
DA:22,2
DA:23,1
DA:26,2
DA:30,13
DA:31,1
DA:33,5
DA:35,2
DA:44,0
DA:50,60
DA:51,5
LF:14
LH:13
BRDA:54,0,0,1
BRDA:54,0,1,4
BRF:2
BRH:2
end_of_record
TN:
SF:src/main.tsx
FNF:0
FNH:0
DA:3,0
DA:4,0
DA:5,0
DA:6,0
DA:7,0
DA:9,0
LF:6
LH:0
BRF:0
BRH:0
end_of_record
