{"/Users/lucius.lechner/Documents/GitHub/FirstRepository/03-testing/ThronesWebsiteJest/src/App.tsx": {"path":"/Users/lucius.lechner/Documents/GitHub/FirstRepository/03-testing/ThronesWebsiteJest/src/App.tsx","statementMap":{"0":{"start":{"line":15,"column":0},"end":{"line":15,"column":16}},"1":{"start":{"line":1,"column":0},"end":{"line":1,"column":44}},"2":{"start":{"line":2,"column":0},"end":{"line":2,"column":50}},"3":{"start":{"line":16,"column":26},"end":{"line":16,"column":60}},"4":{"start":{"line":18,"column":2},"end":{"line":24,"column":9}},"5":{"start":{"line":19,"column":4},"end":{"line":22,"column":46}},"6":{"start":{"line":20,"column":26},"end":{"line":20,"column":41}},"7":{"start":{"line":21,"column":35},"end":{"line":21,"column":48}},"8":{"start":{"line":22,"column":24},"end":{"line":22,"column":44}},"9":{"start":{"line":23,"column":4},"end":{"line":23,"column":38}},"10":{"start":{"line":26,"column":2},"end":{"line":28,"column":4}}},"fnMap":{"0":{"name":"App","decl":{"start":{"line":15,"column":16},"end":{"line":15,"column":19}},"loc":{"start":{"line":15,"column":19},"end":{"line":29,"column":1}}},"1":{"name":"(anonymous_1)","decl":{"start":{"line":18,"column":12},"end":{"line":18,"column":15}},"loc":{"start":{"line":18,"column":17},"end":{"line":24,"column":3}}},"2":{"name":"(anonymous_2)","decl":{"start":{"line":20,"column":12},"end":{"line":20,"column":13}},"loc":{"start":{"line":20,"column":26},"end":{"line":20,"column":41}}},"3":{"name":"(anonymous_3)","decl":{"start":{"line":21,"column":12},"end":{"line":21,"column":13}},"loc":{"start":{"line":21,"column":35},"end":{"line":21,"column":48}}},"4":{"name":"(anonymous_4)","decl":{"start":{"line":22,"column":13},"end":{"line":22,"column":14}},"loc":{"start":{"line":22,"column":24},"end":{"line":22,"column":44}}}},"branchMap":{"0":{"loc":{"start":{"line":27,"column":10},"end":{"line":27,"column":68}},"type":"cond-expr","locations":[{"start":{"line":27,"column":17},"end":{"line":27,"column":53}},{"start":{"line":27,"column":56},"end":{"line":27,"column":68}}]}},"s":{"0":0,"1":0,"2":0,"3":0,"4":0,"5":0,"6":0,"7":0,"8":0,"9":0,"10":0},"f":{"0":0,"1":0,"2":0,"3":0,"4":0},"b":{"0":[0,0]}}
,"/Users/lucius.lechner/Documents/GitHub/FirstRepository/03-testing/ThronesWebsiteJest/src/CharactersList.tsx": {"path":"/Users/lucius.lechner/Documents/GitHub/FirstRepository/03-testing/ThronesWebsiteJest/src/CharactersList.tsx","statementMap":{"0":{"start":{"line":19,"column":0},"end":{"line":19,"column":16}},"1":{"start":{"line":1,"column":0},"end":{"line":1,"column":44}},"2":{"start":{"line":2,"column":0},"end":{"line":2,"column":null}},"3":{"start":{"line":20,"column":42},"end":{"line":20,"column":64}},"4":{"start":{"line":22,"column":2},"end":{"line":24,"column":19}},"5":{"start":{"line":23,"column":4},"end":{"line":23,"column":57}},"6":{"start":{"line":26,"column":31},"end":{"line":34,"column":3}},"7":{"start":{"line":30,"column":31},"end":{"line":30,"column":78}},"8":{"start":{"line":30,"column":58},"end":{"line":30,"column":77}},"9":{"start":{"line":31,"column":4},"end":{"line":33,"column":46}},"10":{"start":{"line":33,"column":26},"end":{"line":33,"column":44}},"11":{"start":{"line":35,"column":2},"end":{"line":74,"column":4}},"12":{"start":{"line":44,"column":12},"end":{"line":44,"column":72}},"13":{"start":{"line":50,"column":28},"end":{"line":50,"column":75}},"14":{"start":{"line":50,"column":51},"end":{"line":50,"column":74}},"15":{"start":{"line":51,"column":10},"end":{"line":67,"column":12}}},"fnMap":{"0":{"name":"CharactersList","decl":{"start":{"line":19,"column":16},"end":{"line":19,"column":30}},"loc":{"start":{"line":19,"column":74},"end":{"line":75,"column":1}}},"1":{"name":"(anonymous_1)","decl":{"start":{"line":22,"column":12},"end":{"line":22,"column":15}},"loc":{"start":{"line":22,"column":17},"end":{"line":24,"column":3}}},"2":{"name":"(anonymous_2)","decl":{"start":{"line":26,"column":31},"end":{"line":26,"column":null}},"loc":{"start":{"line":29,"column":16},"end":{"line":34,"column":3}}},"3":{"name":"(anonymous_3)","decl":{"start":{"line":30,"column":52},"end":{"line":30,"column":55}},"loc":{"start":{"line":30,"column":58},"end":{"line":30,"column":77}}},"4":{"name":"(anonymous_4)","decl":{"start":{"line":33,"column":11},"end":{"line":33,"column":12}},"loc":{"start":{"line":33,"column":26},"end":{"line":33,"column":44}}},"5":{"name":"(anonymous_5)","decl":{"start":{"line":43,"column":19},"end":{"line":43,"column":null}},"loc":{"start":{"line":43,"column":19},"end":{"line":45,"column":11}}},"6":{"name":"(anonymous_6)","decl":{"start":{"line":49,"column":26},"end":{"line":49,"column":27}},"loc":{"start":{"line":49,"column":46},"end":{"line":68,"column":9}}},"7":{"name":"(anonymous_7)","decl":{"start":{"line":50,"column":44},"end":{"line":50,"column":45}},"loc":{"start":{"line":50,"column":51},"end":{"line":50,"column":74}}}},"branchMap":{"0":{"loc":{"start":{"line":54,"column":29},"end":{"line":54,"column":78}},"type":"cond-expr","locations":[{"start":{"line":54,"column":43},"end":{"line":54,"column":66}},{"start":{"line":54,"column":69},"end":{"line":54,"column":78}}]}},"s":{"0":1,"1":1,"2":1,"3":2,"4":2,"5":1,"6":2,"7":1,"8":52,"9":1,"10":5,"11":2,"12":0,"13":5,"14":255,"15":5},"f":{"0":2,"1":1,"2":1,"3":52,"4":5,"5":0,"6":5,"7":255},"b":{"0":[1,4]}}
,"/Users/lucius.lechner/Documents/GitHub/FirstRepository/03-testing/ThronesWebsiteJest/src/main.tsx": {"path":"/Users/lucius.lechner/Documents/GitHub/FirstRepository/03-testing/ThronesWebsiteJest/src/main.tsx","statementMap":{"0":{"start":{"line":3,"column":0},"end":{"line":3,"column":28}},"1":{"start":{"line":4,"column":0},"end":{"line":4,"column":21}},"2":{"start":{"line":5,"column":0},"end":{"line":5,"column":26}},"3":{"start":{"line":6,"column":0},"end":{"line":6,"column":33}},"4":{"start":{"line":7,"column":0},"end":{"line":7,"column":86}},"5":{"start":{"line":9,"column":0},"end":{"line":16,"column":2}}},"fnMap":{},"branchMap":{},"s":{"0":0,"1":0,"2":0,"3":0,"4":0,"5":0},"f":{},"b":{}}
}
